{"name": "Тест ответов", "status": "broken", "statusDetails": {"message": "selenium.common.exceptions.ElementClickInterceptedException: Message: Element <div id=\"accordion__heading-4\" class=\"accordion__button\"> is not clickable at point (894,294) because another element <img src=\"/assets/scooter.png\"> obscures it\nStacktrace:\nRemoteError@chrome://remote/content/shared/RemoteError.sys.mjs:8:8\nWebDriverError@chrome://remote/content/shared/webdriver/Errors.sys.mjs:193:5\nElementClickInterceptedError@chrome://remote/content/shared/webdriver/Errors.sys.mjs:337:5\nwebdriverClickElement@chrome://remote/content/marionette/interaction.sys.mjs:176:11\ninteraction.clickElement@chrome://remote/content/marionette/interaction.sys.mjs:135:11\nclickElement@chrome://remote/content/marionette/actors/MarionetteCommandsChild.sys.mjs:204:29\nreceiveMessage@chrome://remote/content/marionette/actors/MarionetteCommandsChild.sys.mjs:84:31", "trace": "self = <tests.test_faq.TestFaq object at 0x7fde1d3c2700>\ndriver = <selenium.webdriver.firefox.webdriver.WebDriver (session=\"773c7c0a-fd36-42e4-a835-d96a1509d9a7\")>, num = 4\nfaq_page = <pages.faq_page.FaqPage object at 0x7fde1de7ea90>\n\n    @allure.title('Тест ответов')\n    @pytest.mark.parametrize(\n        'num', QUESTIONS\n    )\n    def test_answer_text(self, driver, num, faq_page):\n        faq_page.open_page()\n        faq_page.accept_cookies()\n        answer = FAQ.get(num)[1]\n>       assert faq_page.get_answer_text(num) == answer\n\ntests/test_faq.py:29: \n_ _ _ _ _ _ _ _ _ _ _ _ _ _ _ _ _ _ _ _ _ _ _ _ _ _ _ _ _ _ _ _ _ _ _ _ _ _ _ _ _ _ _ _ _ _ _ _ _ _ _ _ _ _ _ _ _ _ _ _ _ _ _ _ _ _ _ _ _ _ _ _\npages/faq_page.py:23: in get_answer_text\n    self.click_to_element(locator_q_formatted)\npages/base_page.py:35: in click_to_element\n    self.find_element_with_wait(locator).click()\n.venv/lib/python3.9/site-packages/selenium/webdriver/remote/webelement.py:94: in click\n    self._execute(Command.CLICK_ELEMENT)\n.venv/lib/python3.9/site-packages/selenium/webdriver/remote/webelement.py:395: in _execute\n    return self._parent.execute(command, params)\n.venv/lib/python3.9/site-packages/selenium/webdriver/remote/webdriver.py:347: in execute\n    self.error_handler.check_response(response)\n_ _ _ _ _ _ _ _ _ _ _ _ _ _ _ _ _ _ _ _ _ _ _ _ _ _ _ _ _ _ _ _ _ _ _ _ _ _ _ _ _ _ _ _ _ _ _ _ _ _ _ _ _ _ _ _ _ _ _ _ _ _ _ _ _ _ _ _ _ _ _ _\n\nself = <selenium.webdriver.remote.errorhandler.ErrorHandler object at 0x7fde1d358be0>\nresponse = {'status': 400, 'value': '{\"value\":{\"error\":\"element click intercepted\",\"message\":\"Element <div id=\\\\\"accordion__headi...sys.mjs:204:29\\\\nreceiveMessage@chrome://remote/content/marionette/actors/MarionetteCommandsChild.sys.mjs:84:31\\\\n\"}}'}\n\n    def check_response(self, response: Dict[str, Any]) -> None:\n        \"\"\"Checks that a JSON response from the WebDriver does not have an\n        error.\n    \n        :Args:\n         - response - The JSON response from the WebDriver server as a dictionary\n           object.\n    \n        :Raises: If the response contains an error message.\n        \"\"\"\n        status = response.get(\"status\", None)\n        if not status or status == ErrorCode.SUCCESS:\n            return\n        value = None\n        message = response.get(\"message\", \"\")\n        screen: str = response.get(\"screen\", \"\")\n        stacktrace = None\n        if isinstance(status, int):\n            value_json = response.get(\"value\", None)\n            if value_json and isinstance(value_json, str):\n                import json\n    \n                try:\n                    value = json.loads(value_json)\n                    if len(value) == 1:\n                        value = value[\"value\"]\n                    status = value.get(\"error\", None)\n                    if not status:\n                        status = value.get(\"status\", ErrorCode.UNKNOWN_ERROR)\n                        message = value.get(\"value\") or value.get(\"message\")\n                        if not isinstance(message, str):\n                            value = message\n                            message = message.get(\"message\")\n                    else:\n                        message = value.get(\"message\", None)\n                except ValueError:\n                    pass\n    \n        exception_class: Type[WebDriverException]\n        e = ErrorCode()\n        error_codes = [item for item in dir(e) if not item.startswith(\"__\")]\n        for error_code in error_codes:\n            error_info = getattr(ErrorCode, error_code)\n            if isinstance(error_info, list) and status in error_info:\n                exception_class = getattr(ExceptionMapping, error_code, WebDriverException)\n                break\n        else:\n            exception_class = WebDriverException\n    \n        if not value:\n            value = response[\"value\"]\n        if isinstance(value, str):\n            raise exception_class(value)\n        if message == \"\" and \"message\" in value:\n            message = value[\"message\"]\n    \n        screen = None  # type: ignore[assignment]\n        if \"screen\" in value:\n            screen = value[\"screen\"]\n    \n        stacktrace = None\n        st_value = value.get(\"stackTrace\") or value.get(\"stacktrace\")\n        if st_value:\n            if isinstance(st_value, str):\n                stacktrace = st_value.split(\"\\n\")\n            else:\n                stacktrace = []\n                try:\n                    for frame in st_value:\n                        line = frame.get(\"lineNumber\", \"\")\n                        file = frame.get(\"fileName\", \"<anonymous>\")\n                        if line:\n                            file = f\"{file}:{line}\"\n                        meth = frame.get(\"methodName\", \"<anonymous>\")\n                        if \"className\" in frame:\n                            meth = f\"{frame['className']}.{meth}\"\n                        msg = \"    at %s (%s)\"\n                        msg = msg % (meth, file)\n                        stacktrace.append(msg)\n                except TypeError:\n                    pass\n        if exception_class == UnexpectedAlertPresentException:\n            alert_text = None\n            if \"data\" in value:\n                alert_text = value[\"data\"].get(\"text\")\n            elif \"alert\" in value:\n                alert_text = value[\"alert\"].get(\"text\")\n            raise exception_class(message, screen, stacktrace, alert_text)  # type: ignore[call-arg]  # mypy is not smart enough here\n>       raise exception_class(message, screen, stacktrace)\nE       selenium.common.exceptions.ElementClickInterceptedException: Message: Element <div id=\"accordion__heading-4\" class=\"accordion__button\"> is not clickable at point (894,294) because another element <img src=\"/assets/scooter.png\"> obscures it\nE       Stacktrace:\nE       RemoteError@chrome://remote/content/shared/RemoteError.sys.mjs:8:8\nE       WebDriverError@chrome://remote/content/shared/webdriver/Errors.sys.mjs:193:5\nE       ElementClickInterceptedError@chrome://remote/content/shared/webdriver/Errors.sys.mjs:337:5\nE       webdriverClickElement@chrome://remote/content/marionette/interaction.sys.mjs:176:11\nE       interaction.clickElement@chrome://remote/content/marionette/interaction.sys.mjs:135:11\nE       clickElement@chrome://remote/content/marionette/actors/MarionetteCommandsChild.sys.mjs:204:29\nE       receiveMessage@chrome://remote/content/marionette/actors/MarionetteCommandsChild.sys.mjs:84:31\n\n.venv/lib/python3.9/site-packages/selenium/webdriver/remote/errorhandler.py:229: ElementClickInterceptedException"}, "steps": [{"name": "Открыть страницу", "status": "passed", "start": 1718208437810, "stop": 1718208451528}, {"name": "Принять куки", "status": "passed", "steps": [{"name": "Кликнуть по элементу", "status": "passed", "steps": [{"name": "Найти элемент", "status": "passed", "parameters": [{"name": "locator", "value": "('xpath', \"//button[contains(@id,'confirm-button')]\")"}, {"name": "timeout", "value": "10"}], "start": 1718208451528, "stop": 1718208451553}], "parameters": [{"name": "locator", "value": "('xpath', \"//button[contains(@id,'confirm-button')]\")"}], "start": 1718208451528, "stop": 1718208451776}], "start": 1718208451528, "stop": 1718208451776}, {"name": "Получение текста ответа", "status": "broken", "statusDetails": {"message": "selenium.common.exceptions.ElementClickInterceptedException: Message: Element <div id=\"accordion__heading-4\" class=\"accordion__button\"> is not clickable at point (894,294) because another element <img src=\"/assets/scooter.png\"> obscures it\nStacktrace:\nRemoteError@chrome://remote/content/shared/RemoteError.sys.mjs:8:8\nWebDriverError@chrome://remote/content/shared/webdriver/Errors.sys.mjs:193:5\nElementClickInterceptedError@chrome://remote/content/shared/webdriver/Errors.sys.mjs:337:5\nwebdriverClickElement@chrome://remote/content/marionette/interaction.sys.mjs:176:11\ninteraction.clickElement@chrome://remote/content/marionette/interaction.sys.mjs:135:11\nclickElement@chrome://remote/content/marionette/actors/MarionetteCommandsChild.sys.mjs:204:29\nreceiveMessage@chrome://remote/content/marionette/actors/MarionetteCommandsChild.sys.mjs:84:31\n\n", "trace": "  File \"/home/tevmenova/PycharmProjects/Sprint_6/.venv/lib/python3.9/site-packages/allure_commons/_allure.py\", line 192, in impl\n    return func(*a, **kw)\n  File \"/home/tevmenova/PycharmProjects/Sprint_6/pages/faq_page.py\", line 23, in get_answer_text\n    self.click_to_element(locator_q_formatted)\n  File \"/home/tevmenova/PycharmProjects/Sprint_6/.venv/lib/python3.9/site-packages/allure_commons/_allure.py\", line 192, in impl\n    return func(*a, **kw)\n  File \"/home/tevmenova/PycharmProjects/Sprint_6/pages/base_page.py\", line 35, in click_to_element\n    self.find_element_with_wait(locator).click()\n  File \"/home/tevmenova/PycharmProjects/Sprint_6/.venv/lib/python3.9/site-packages/selenium/webdriver/remote/webelement.py\", line 94, in click\n    self._execute(Command.CLICK_ELEMENT)\n  File \"/home/tevmenova/PycharmProjects/Sprint_6/.venv/lib/python3.9/site-packages/selenium/webdriver/remote/webelement.py\", line 395, in _execute\n    return self._parent.execute(command, params)\n  File \"/home/tevmenova/PycharmProjects/Sprint_6/.venv/lib/python3.9/site-packages/selenium/webdriver/remote/webdriver.py\", line 347, in execute\n    self.error_handler.check_response(response)\n  File \"/home/tevmenova/PycharmProjects/Sprint_6/.venv/lib/python3.9/site-packages/selenium/webdriver/remote/errorhandler.py\", line 229, in check_response\n    raise exception_class(message, screen, stacktrace)\n"}, "steps": [{"name": "Скролл к последнему вопросу", "status": "passed", "steps": [{"name": "Открыть страницу", "status": "passed", "start": 1718208451776, "stop": 1718208451861}, {"name": "Сформировать локатор", "status": "passed", "parameters": [{"name": "locator", "value": "('xpath', './/div[@id=\"accordion__heading-{}\"]')"}, {"name": "num", "value": "7"}], "start": 1718208451861, "stop": 1718208451861}, {"name": "Скролл до элемента", "status": "passed", "steps": [{"name": "Найти элемент", "status": "passed", "parameters": [{"name": "locator", "value": "('xpath', './/div[@id=\"accordion__heading-7\"]')"}, {"name": "timeout", "value": "10"}], "start": 1718208451862, "stop": 1718208451872}], "parameters": [{"name": "locator", "value": "('xpath', './/div[@id=\"accordion__heading-7\"]')"}], "start": 1718208451862, "stop": 1718208451876}], "start": 1718208451776, "stop": 1718208451876}, {"name": "Сформировать локатор", "status": "passed", "parameters": [{"name": "locator", "value": "('xpath', './/div[@id=\"accordion__heading-{}\"]')"}, {"name": "num", "value": "4"}], "start": 1718208451876, "stop": 1718208451876}, {"name": "Сформировать локатор", "status": "passed", "parameters": [{"name": "locator", "value": "('xpath', '//div[@id=\"accordion__panel-{}\"]')"}, {"name": "num", "value": "4"}], "start": 1718208451876, "stop": 1718208451876}, {"name": "Кликнуть по элементу", "status": "broken", "statusDetails": {"message": "selenium.common.exceptions.ElementClickInterceptedException: Message: Element <div id=\"accordion__heading-4\" class=\"accordion__button\"> is not clickable at point (894,294) because another element <img src=\"/assets/scooter.png\"> obscures it\nStacktrace:\nRemoteError@chrome://remote/content/shared/RemoteError.sys.mjs:8:8\nWebDriverError@chrome://remote/content/shared/webdriver/Errors.sys.mjs:193:5\nElementClickInterceptedError@chrome://remote/content/shared/webdriver/Errors.sys.mjs:337:5\nwebdriverClickElement@chrome://remote/content/marionette/interaction.sys.mjs:176:11\ninteraction.clickElement@chrome://remote/content/marionette/interaction.sys.mjs:135:11\nclickElement@chrome://remote/content/marionette/actors/MarionetteCommandsChild.sys.mjs:204:29\nreceiveMessage@chrome://remote/content/marionette/actors/MarionetteCommandsChild.sys.mjs:84:31\n\n", "trace": "  File \"/home/tevmenova/PycharmProjects/Sprint_6/.venv/lib/python3.9/site-packages/allure_commons/_allure.py\", line 192, in impl\n    return func(*a, **kw)\n  File \"/home/tevmenova/PycharmProjects/Sprint_6/pages/base_page.py\", line 35, in click_to_element\n    self.find_element_with_wait(locator).click()\n  File \"/home/tevmenova/PycharmProjects/Sprint_6/.venv/lib/python3.9/site-packages/selenium/webdriver/remote/webelement.py\", line 94, in click\n    self._execute(Command.CLICK_ELEMENT)\n  File \"/home/tevmenova/PycharmProjects/Sprint_6/.venv/lib/python3.9/site-packages/selenium/webdriver/remote/webelement.py\", line 395, in _execute\n    return self._parent.execute(command, params)\n  File \"/home/tevmenova/PycharmProjects/Sprint_6/.venv/lib/python3.9/site-packages/selenium/webdriver/remote/webdriver.py\", line 347, in execute\n    self.error_handler.check_response(response)\n  File \"/home/tevmenova/PycharmProjects/Sprint_6/.venv/lib/python3.9/site-packages/selenium/webdriver/remote/errorhandler.py\", line 229, in check_response\n    raise exception_class(message, screen, stacktrace)\n"}, "steps": [{"name": "Найти элемент", "status": "passed", "parameters": [{"name": "locator", "value": "('xpath', './/div[@id=\"accordion__heading-4\"]')"}, {"name": "timeout", "value": "10"}], "start": 1718208451876, "stop": 1718208451887}], "parameters": [{"name": "locator", "value": "('xpath', './/div[@id=\"accordion__heading-4\"]')"}], "start": 1718208451876, "stop": 1718208451890}], "parameters": [{"name": "num", "value": "4"}], "start": 1718208451776, "stop": 1718208451890}], "parameters": [{"name": "num", "value": "4"}], "start": 1718208437809, "stop": 1718208451890, "uuid": "ce5927f9-6d5c-4ba9-86c2-4dfe5fcafb61", "historyId": "a7da05cbde4ec4d4616806763740f2fc", "testCaseId": "0f632189665209a3d9270b84756294de", "fullName": "tests.test_faq.TestFaq#test_answer_text", "labels": [{"name": "story", "value": "Тесты раздела ответов и вопросов"}, {"name": "parentSuite", "value": "tests"}, {"name": "suite", "value": "test_faq"}, {"name": "subSuite", "value": "TestFaq"}, {"name": "host", "value": "tevmenova-laptop"}, {"name": "thread", "value": "235781-MainThread"}, {"name": "framework", "value": "pytest"}, {"name": "language", "value": "cpython3"}, {"name": "package", "value": "tests.test_faq"}]}