{"name": "Тест заказа самоката", "status": "broken", "statusDetails": {"message": "selenium.common.exceptions.TimeoutException: Message: \nStacktrace:\nRemoteError@chrome://remote/content/shared/RemoteError.sys.mjs:8:8\nWebDriverError@chrome://remote/content/shared/webdriver/Errors.sys.mjs:193:5\nNoSuchElementError@chrome://remote/content/shared/webdriver/Errors.sys.mjs:511:5\ndom.find/</<@chrome://remote/content/shared/DOM.sys.mjs:136:16", "trace": "self = <tests.test_order.TestScooterOrder object at 0x7f570a7099d0>\ndriver = <selenium.webdriver.firefox.webdriver.WebDriver (session=\"9566cdb7-fe6c-4280-91cb-b0986391ec19\")>\nbutton = ('xpath', \"//button[contains(@class,'Button_UltraBig')]\"), data = <class 'data.User2'>\norder_page = <pages.order_page.OrderPage object at 0x7f570a5e0160>\n\n    @allure.title('Тест заказа самоката')\n    @pytest.mark.parametrize('button, data', [\n        (BasePageLocators.ORDER_BUTTON_HEADER, User1),\n        (BasePageLocators.ORDER_BUTTON_BODY, User2)\n    ])\n    def test_order_scooter(self, driver, button, data, order_page):\n        order_page.open_page()\n        order_page.accept_cookies()\n>       order_page.click_to_element(button)\n\ntests/test_order.py:19: \n_ _ _ _ _ _ _ _ _ _ _ _ _ _ _ _ _ _ _ _ _ _ _ _ _ _ _ _ _ _ _ _ _ _ _ _ _ _ _ _ _ _ _ _ _ _ _ _ _ _ _ _ _ _ _ _ _ _ _ _ _ _ _ _ _ _ _ _ _ _ _ _\npages/base_page.py:35: in click_to_element\n    self.find_element_with_wait(locator).click()\npages/base_page.py:30: in find_element_with_wait\n    WebDriverWait(self.driver, timeout).until(EC.visibility_of_element_located(locator))\n_ _ _ _ _ _ _ _ _ _ _ _ _ _ _ _ _ _ _ _ _ _ _ _ _ _ _ _ _ _ _ _ _ _ _ _ _ _ _ _ _ _ _ _ _ _ _ _ _ _ _ _ _ _ _ _ _ _ _ _ _ _ _ _ _ _ _ _ _ _ _ _\n\nself = <selenium.webdriver.support.wait.WebDriverWait (session=\"9566cdb7-fe6c-4280-91cb-b0986391ec19\")>\nmethod = <function visibility_of_element_located.<locals>._predicate at 0x7f570a611e50>, message = ''\n\n    def until(self, method: Callable[[D], Union[Literal[False], T]], message: str = \"\") -> T:\n        \"\"\"Calls the method provided with the driver as an argument until the \\\n        return value does not evaluate to ``False``.\n    \n        :param method: callable(WebDriver)\n        :param message: optional message for :exc:`TimeoutException`\n        :returns: the result of the last call to `method`\n        :raises: :exc:`selenium.common.exceptions.TimeoutException` if timeout occurs\n        \"\"\"\n        screen = None\n        stacktrace = None\n    \n        end_time = time.monotonic() + self._timeout\n        while True:\n            try:\n                value = method(self._driver)\n                if value:\n                    return value\n            except self._ignored_exceptions as exc:\n                screen = getattr(exc, \"screen\", None)\n                stacktrace = getattr(exc, \"stacktrace\", None)\n            time.sleep(self._poll)\n            if time.monotonic() > end_time:\n                break\n>       raise TimeoutException(message, screen, stacktrace)\nE       selenium.common.exceptions.TimeoutException: Message: \nE       Stacktrace:\nE       RemoteError@chrome://remote/content/shared/RemoteError.sys.mjs:8:8\nE       WebDriverError@chrome://remote/content/shared/webdriver/Errors.sys.mjs:193:5\nE       NoSuchElementError@chrome://remote/content/shared/webdriver/Errors.sys.mjs:511:5\nE       dom.find/</<@chrome://remote/content/shared/DOM.sys.mjs:136:16\n\n.venv/lib/python3.9/site-packages/selenium/webdriver/support/wait.py:105: TimeoutException"}, "steps": [{"name": "Открыть страницу", "status": "passed", "start": 1718208779977, "stop": 1718208787529}, {"name": "Принять куки", "status": "passed", "steps": [{"name": "Кликнуть по элементу", "status": "passed", "steps": [{"name": "Найти элемент", "status": "passed", "parameters": [{"name": "locator", "value": "('xpath', \"//button[contains(@id,'confirm-button')]\")"}, {"name": "timeout", "value": "10"}], "start": 1718208787529, "stop": 1718208787554}], "parameters": [{"name": "locator", "value": "('xpath', \"//button[contains(@id,'confirm-button')]\")"}], "start": 1718208787529, "stop": 1718208787777}], "start": 1718208787529, "stop": 1718208787777}, {"name": "Кликнуть по элементу", "status": "broken", "statusDetails": {"message": "selenium.common.exceptions.TimeoutException: Message: \nStacktrace:\nRemoteError@chrome://remote/content/shared/RemoteError.sys.mjs:8:8\nWebDriverError@chrome://remote/content/shared/webdriver/Errors.sys.mjs:193:5\nNoSuchElementError@chrome://remote/content/shared/webdriver/Errors.sys.mjs:511:5\ndom.find/</<@chrome://remote/content/shared/DOM.sys.mjs:136:16\n\n", "trace": "  File \"/home/tevmenova/PycharmProjects/Sprint_6/.venv/lib/python3.9/site-packages/allure_commons/_allure.py\", line 192, in impl\n    return func(*a, **kw)\n  File \"/home/tevmenova/PycharmProjects/Sprint_6/pages/base_page.py\", line 35, in click_to_element\n    self.find_element_with_wait(locator).click()\n  File \"/home/tevmenova/PycharmProjects/Sprint_6/.venv/lib/python3.9/site-packages/allure_commons/_allure.py\", line 192, in impl\n    return func(*a, **kw)\n  File \"/home/tevmenova/PycharmProjects/Sprint_6/pages/base_page.py\", line 30, in find_element_with_wait\n    WebDriverWait(self.driver, timeout).until(EC.visibility_of_element_located(locator))\n  File \"/home/tevmenova/PycharmProjects/Sprint_6/.venv/lib/python3.9/site-packages/selenium/webdriver/support/wait.py\", line 105, in until\n    raise TimeoutException(message, screen, stacktrace)\n"}, "steps": [{"name": "Найти элемент", "status": "broken", "statusDetails": {"message": "selenium.common.exceptions.TimeoutException: Message: \nStacktrace:\nRemoteError@chrome://remote/content/shared/RemoteError.sys.mjs:8:8\nWebDriverError@chrome://remote/content/shared/webdriver/Errors.sys.mjs:193:5\nNoSuchElementError@chrome://remote/content/shared/webdriver/Errors.sys.mjs:511:5\ndom.find/</<@chrome://remote/content/shared/DOM.sys.mjs:136:16\n\n", "trace": "  File \"/home/tevmenova/PycharmProjects/Sprint_6/.venv/lib/python3.9/site-packages/allure_commons/_allure.py\", line 192, in impl\n    return func(*a, **kw)\n  File \"/home/tevmenova/PycharmProjects/Sprint_6/pages/base_page.py\", line 30, in find_element_with_wait\n    WebDriverWait(self.driver, timeout).until(EC.visibility_of_element_located(locator))\n  File \"/home/tevmenova/PycharmProjects/Sprint_6/.venv/lib/python3.9/site-packages/selenium/webdriver/support/wait.py\", line 105, in until\n    raise TimeoutException(message, screen, stacktrace)\n"}, "parameters": [{"name": "locator", "value": "('xpath', \"//button[contains(@class,'Button_UltraBig')]\")"}, {"name": "timeout", "value": "10"}], "start": 1718208787778, "stop": 1718208797934}], "parameters": [{"name": "locator", "value": "('xpath', \"//button[contains(@class,'Button_UltraBig')]\")"}], "start": 1718208787777, "stop": 1718208797934}], "parameters": [{"name": "button", "value": "('xpath', \"//button[contains(@class,'Button_UltraBig')]\")"}, {"name": "data", "value": "<class 'data.User2'>"}], "start": 1718208779977, "stop": 1718208797935, "uuid": "655987f6-554a-4280-98a9-1d82df8299b8", "historyId": "6979324ee90180971797ad817f41bab7", "testCaseId": "ccca2653cf8062792122b2250292dfa4", "fullName": "tests.test_order.TestScooterOrder#test_order_scooter", "labels": [{"name": "story", "value": "Тесты заказа самоката"}, {"name": "parentSuite", "value": "tests"}, {"name": "suite", "value": "test_order"}, {"name": "subSuite", "value": "TestScooterOrder"}, {"name": "host", "value": "tevmenova-laptop"}, {"name": "thread", "value": "246173-MainThread"}, {"name": "framework", "value": "pytest"}, {"name": "language", "value": "cpython3"}, {"name": "package", "value": "tests.test_order"}]}