{"name": "Тест перехода со страницы заказа на страницу Яндекса по клику на логотип \"Яндекс\"", "status": "broken", "statusDetails": {"message": "selenium.common.exceptions.TimeoutException: Message: \nStacktrace:\nRemoteError@chrome://remote/content/shared/RemoteError.sys.mjs:8:8\nWebDriverError@chrome://remote/content/shared/webdriver/Errors.sys.mjs:193:5\nNoSuchElementError@chrome://remote/content/shared/webdriver/Errors.sys.mjs:511:5\ndom.find/</<@chrome://remote/content/shared/DOM.sys.mjs:136:16", "trace": "self = <tests.test_click_logo.TestLogoTransition object at 0x7f7a5d8ed3d0>\ndriver = <selenium.webdriver.firefox.webdriver.WebDriver (session=\"6c07f84d-cdf5-41f2-8015-744efa5985b8\")>\norder_page = <pages.order_page.OrderPage object at 0x7f7a5d8934f0>\n\n    @allure.title('Тест перехода со страницы заказа на страницу Яндекса по клику на логотип \"Яндекс\"')\n    def test_logo_yandex(self, driver, order_page):\n        order_page.open_page()\n>       order_page.click_on_scooter_logo()\n\ntests/test_click_logo.py:16: \n_ _ _ _ _ _ _ _ _ _ _ _ _ _ _ _ _ _ _ _ _ _ _ _ _ _ _ _ _ _ _ _ _ _ _ _ _ _ _ _ _ _ _ _ _ _ _ _ _ _ _ _ _ _ _ _ _ _ _ _ _ _ _ _ _ _ _ _ _ _ _ _\npages/order_page.py:39: in click_on_scooter_logo\n    self.switch_tab(DzenLocators.DZEN_LOGO)\npages/base_page.py:55: in switch_tab\n    WebDriverWait(self.driver, 10).until(EC.presence_of_element_located(locator))\n_ _ _ _ _ _ _ _ _ _ _ _ _ _ _ _ _ _ _ _ _ _ _ _ _ _ _ _ _ _ _ _ _ _ _ _ _ _ _ _ _ _ _ _ _ _ _ _ _ _ _ _ _ _ _ _ _ _ _ _ _ _ _ _ _ _ _ _ _ _ _ _\n\nself = <selenium.webdriver.support.wait.WebDriverWait (session=\"6c07f84d-cdf5-41f2-8015-744efa5985b8\")>\nmethod = <function presence_of_element_located.<locals>._predicate at 0x7f7a5d8bedc0>, message = ''\n\n    def until(self, method: Callable[[D], Union[Literal[False], T]], message: str = \"\") -> T:\n        \"\"\"Calls the method provided with the driver as an argument until the \\\n        return value does not evaluate to ``False``.\n    \n        :param method: callable(WebDriver)\n        :param message: optional message for :exc:`TimeoutException`\n        :returns: the result of the last call to `method`\n        :raises: :exc:`selenium.common.exceptions.TimeoutException` if timeout occurs\n        \"\"\"\n        screen = None\n        stacktrace = None\n    \n        end_time = time.monotonic() + self._timeout\n        while True:\n            try:\n                value = method(self._driver)\n                if value:\n                    return value\n            except self._ignored_exceptions as exc:\n                screen = getattr(exc, \"screen\", None)\n                stacktrace = getattr(exc, \"stacktrace\", None)\n            time.sleep(self._poll)\n            if time.monotonic() > end_time:\n                break\n>       raise TimeoutException(message, screen, stacktrace)\nE       selenium.common.exceptions.TimeoutException: Message: \nE       Stacktrace:\nE       RemoteError@chrome://remote/content/shared/RemoteError.sys.mjs:8:8\nE       WebDriverError@chrome://remote/content/shared/webdriver/Errors.sys.mjs:193:5\nE       NoSuchElementError@chrome://remote/content/shared/webdriver/Errors.sys.mjs:511:5\nE       dom.find/</<@chrome://remote/content/shared/DOM.sys.mjs:136:16\n\n.venv/lib/python3.9/site-packages/selenium/webdriver/support/wait.py:105: TimeoutException"}, "steps": [{"name": "Открыть страницу", "status": "passed", "start": 1718208604042, "stop": 1718208611684}, {"name": "Переход по лого Самокат", "status": "broken", "statusDetails": {"message": "selenium.common.exceptions.TimeoutException: Message: \nStacktrace:\nRemoteError@chrome://remote/content/shared/RemoteError.sys.mjs:8:8\nWebDriverError@chrome://remote/content/shared/webdriver/Errors.sys.mjs:193:5\nNoSuchElementError@chrome://remote/content/shared/webdriver/Errors.sys.mjs:511:5\ndom.find/</<@chrome://remote/content/shared/DOM.sys.mjs:136:16\n\n", "trace": "  File \"/home/tevmenova/PycharmProjects/Sprint_6/.venv/lib/python3.9/site-packages/allure_commons/_allure.py\", line 192, in impl\n    return func(*a, **kw)\n  File \"/home/tevmenova/PycharmProjects/Sprint_6/pages/order_page.py\", line 39, in click_on_scooter_logo\n    self.switch_tab(DzenLocators.DZEN_LOGO)\n  File \"/home/tevmenova/PycharmProjects/Sprint_6/.venv/lib/python3.9/site-packages/allure_commons/_allure.py\", line 192, in impl\n    return func(*a, **kw)\n  File \"/home/tevmenova/PycharmProjects/Sprint_6/pages/base_page.py\", line 55, in switch_tab\n    WebDriverWait(self.driver, 10).until(EC.presence_of_element_located(locator))\n  File \"/home/tevmenova/PycharmProjects/Sprint_6/.venv/lib/python3.9/site-packages/selenium/webdriver/support/wait.py\", line 105, in until\n    raise TimeoutException(message, screen, stacktrace)\n"}, "steps": [{"name": "Кликнуть по элементу", "status": "passed", "steps": [{"name": "Найти элемент", "status": "passed", "parameters": [{"name": "locator", "value": "('xpath', \"//img[@alt='Yandex']\")"}, {"name": "timeout", "value": "10"}], "start": 1718208611685, "stop": 1718208611712}], "parameters": [{"name": "locator", "value": "('xpath', \"//img[@alt='Yandex']\")"}], "start": 1718208611685, "stop": 1718208611952}, {"name": "Сменить вкладку", "status": "broken", "statusDetails": {"message": "selenium.common.exceptions.TimeoutException: Message: \nStacktrace:\nRemoteError@chrome://remote/content/shared/RemoteError.sys.mjs:8:8\nWebDriverError@chrome://remote/content/shared/webdriver/Errors.sys.mjs:193:5\nNoSuchElementError@chrome://remote/content/shared/webdriver/Errors.sys.mjs:511:5\ndom.find/</<@chrome://remote/content/shared/DOM.sys.mjs:136:16\n\n", "trace": "  File \"/home/tevmenova/PycharmProjects/Sprint_6/.venv/lib/python3.9/site-packages/allure_commons/_allure.py\", line 192, in impl\n    return func(*a, **kw)\n  File \"/home/tevmenova/PycharmProjects/Sprint_6/pages/base_page.py\", line 55, in switch_tab\n    WebDriverWait(self.driver, 10).until(EC.presence_of_element_located(locator))\n  File \"/home/tevmenova/PycharmProjects/Sprint_6/.venv/lib/python3.9/site-packages/selenium/webdriver/support/wait.py\", line 105, in until\n    raise TimeoutException(message, screen, stacktrace)\n"}, "parameters": [{"name": "locator", "value": "('xpath', \"//a[@data-testid='logo']\")"}], "start": 1718208611953, "stop": 1718208622076}], "start": 1718208611684, "stop": 1718208622077}], "start": 1718208604042, "stop": 1718208622077, "uuid": "00c847b1-2e84-44f8-ac61-ab290a1c6c5b", "historyId": "d4de9f4877b97a4ba214bbf14a47b796", "testCaseId": "d4de9f4877b97a4ba214bbf14a47b796", "fullName": "tests.test_click_logo.TestLogoTransition#test_logo_yandex", "labels": [{"name": "story", "value": "Тесты переходов по логотипу Яндекс/Самокат"}, {"name": "parentSuite", "value": "tests"}, {"name": "suite", "value": "test_click_logo"}, {"name": "subSuite", "value": "TestLogoTransition"}, {"name": "host", "value": "tevmenova-laptop"}, {"name": "thread", "value": "244038-MainThread"}, {"name": "framework", "value": "pytest"}, {"name": "language", "value": "cpython3"}, {"name": "package", "value": "tests.test_click_logo"}]}